\BOOKMARK [0][-]{section*.3}{\376\377\000I\000n\000t\000r\000o\000d\000u\000z\000i\000o\000n\000e}{}% 1
\BOOKMARK [0][-]{chapter.1}{\376\377\000C\000o\000n\000t\000e\000s\000t\000o\000\040\000e\000\040\000O\000b\000i\000e\000t\000t\000i\000v\000i}{}% 2
\BOOKMARK [1][-]{section.1.1}{\376\377\000I\000l\000\040\000p\000r\000o\000b\000l\000e\000m\000a\000\040\000d\000e\000l\000l\000a\000\040\000C\000a\000t\000e\000n\000a\000\040\000d\000e\000l\000\040\000F\000r\000e\000d\000d\000o}{chapter.1}% 3
\BOOKMARK [1][-]{section.1.2}{\376\377\000O\000b\000i\000e\000t\000t\000i\000v\000i\000\040\000d\000e\000l\000\040\000P\000r\000o\000g\000e\000t\000t\000o}{chapter.1}% 4
\BOOKMARK [2][-]{subsection.1.2.1}{\376\377\0001\000.\000\040\000A\000u\000t\000o\000m\000a\000z\000i\000o\000n\000e\000\040\000t\000r\000a\000m\000i\000t\000e\000\040\000S\000m\000a\000r\000t\000\040\000C\000o\000n\000t\000r\000a\000c\000t}{section.1.2}% 5
\BOOKMARK [2][-]{subsection.1.2.2}{\376\377\0002\000.\000\040\000S\000i\000c\000u\000r\000e\000z\000z\000a\000\040\000d\000e\000l\000\040\000D\000a\000t\000o\000\040\000\050\000D\000a\000t\000a\000\040\000I\000n\000t\000e\000g\000r\000i\000t\000y\000\051}{section.1.2}% 6
\BOOKMARK [2][-]{subsection.1.2.3}{\376\377\0003\000.\000\040\000V\000a\000l\000i\000d\000a\000z\000i\000o\000n\000e\000\040\000L\000o\000g\000i\000c\000a\000\040\000\050\000D\000a\000t\000a\000\040\000V\000a\000l\000i\000d\000i\000t\000y\000\051}{section.1.2}% 7
\BOOKMARK [0][-]{chapter.2}{\376\377\000A\000n\000a\000l\000i\000s\000i\000\040\000e\000\040\000P\000r\000o\000g\000e\000t\000t\000a\000z\000i\000o\000n\000e\000\040\000A\000r\000c\000h\000i\000t\000e\000t\000t\000u\000r\000a\000l\000e}{}% 8
\BOOKMARK [1][-]{section.2.1}{\376\377\000A\000r\000c\000h\000i\000t\000e\000t\000t\000u\000r\000a\000\040\000D\000i\000s\000t\000r\000i\000b\000u\000i\000t\000a\000\040\000a\000\040\000T\000r\000e\000\040\000L\000i\000v\000e\000l\000l\000i}{chapter.2}% 9
\BOOKMARK [2][-]{subsection.2.1.1}{\376\377\0001\000.\000\040\000L\000i\000v\000e\000l\000l\000o\000\040\000B\000l\000o\000c\000k\000c\000h\000a\000i\000n\000\040\000\050\000D\000a\000t\000a\000\040\000\040\000L\000o\000g\000i\000c\000\040\000L\000a\000y\000e\000r\000\051}{section.2.1}% 10
\BOOKMARK [2][-]{subsection.2.1.2}{\376\377\0002\000.\000\040\000L\000i\000v\000e\000l\000l\000o\000\040\000M\000i\000d\000d\000l\000e\000w\000a\000r\000e\000\040\000\050\000O\000r\000a\000c\000l\000e\000\040\000L\000a\000y\000e\000r\000\051}{section.2.1}% 11
\BOOKMARK [2][-]{subsection.2.1.3}{\376\377\0003\000.\000\040\000L\000i\000v\000e\000l\000l\000o\000\040\000P\000r\000e\000s\000e\000n\000t\000a\000z\000i\000o\000n\000e\000\040\000\050\000W\000e\000b\000\040\000I\000n\000t\000e\000r\000f\000a\000c\000e\000\051}{section.2.1}% 12
\BOOKMARK [1][-]{section.2.2}{\376\377\000F\000o\000c\000u\000s\000\040\000T\000e\000c\000n\000o\000l\000o\000g\000i\000c\000o\000:\000\040\000H\000y\000p\000e\000r\000l\000e\000d\000g\000e\000r\000\040\000B\000e\000s\000u}{chapter.2}% 13
\BOOKMARK [2][-]{subsection.2.2.1}{\376\377\000C\000o\000n\000s\000e\000n\000s\000o\000\040\000I\000B\000F\000T\000\040\0002\000.\0000\000\040\000\050\000I\000s\000t\000a\000n\000b\000u\000l\000\040\000B\000y\000z\000a\000n\000t\000i\000n\000e\000\040\000F\000a\000u\000l\000t\000\040\000T\000o\000l\000e\000r\000a\000n\000c\000e\000\051}{section.2.2}% 14
\BOOKMARK [2][-]{subsection.2.2.2}{\376\377\000P\000e\000r\000m\000i\000s\000s\000i\000o\000n\000i\000n\000g\000\040\000A\000v\000a\000n\000z\000a\000t\000o}{section.2.2}% 15
\BOOKMARK [1][-]{section.2.3}{\376\377\000P\000r\000i\000n\000c\000i\000p\000i\000\040\000d\000i\000\040\000D\000e\000s\000i\000g\000n\000\040\000S\000i\000c\000u\000r\000o\000\040\000\050\000S\000a\000l\000t\000z\000e\000r\000\040\000\046\000\040\000S\000c\000h\000r\000o\000e\000d\000e\000r\000\051}{chapter.2}% 16
\BOOKMARK [1][-]{section.2.4}{\376\377\000A\000n\000a\000l\000i\000s\000i\000\040\000d\000i\000\040\000R\000e\000s\000i\000s\000t\000e\000n\000z\000a\000,\000\040\000S\000o\000p\000r\000a\000v\000v\000i\000v\000e\000n\000z\000a\000\040\000e\000\040\000A\000m\000b\000i\000g\000u\000i\000t\000\340}{chapter.2}% 17
\BOOKMARK [0][-]{chapter.3}{\376\377\000V\000a\000l\000u\000t\000a\000z\000i\000o\000n\000e\000\040\000d\000e\000l\000\040\000R\000i\000s\000c\000h\000i\000o\000\040\000e\000\040\000T\000h\000r\000e\000a\000t\000\040\000M\000o\000d\000e\000l\000i\000n\000g}{}% 18
\BOOKMARK [1][-]{section.3.1}{\376\377\000M\000o\000d\000e\000l\000l\000a\000z\000i\000o\000n\000e\000\040\000i\000*\000\040\000\050\000i\000S\000t\000a\000r\000\051}{chapter.3}% 19
\BOOKMARK [2][-]{subsection.3.1.1}{\376\377\000S\000u\000p\000p\000l\000y\000\040\000C\000h\000a\000i\000n\000\040\000A\000s\000-\000I\000s\000\040\000\050\000S\000e\000n\000z\000a\000\040\000S\000i\000s\000t\000e\000m\000a\000\051}{section.3.1}% 20
\BOOKMARK [2][-]{subsection.3.1.2}{\376\377\000S\000u\000p\000p\000l\000y\000\040\000C\000h\000a\000i\000n\000\040\000T\000o\000-\000B\000e\000\040\000\050\000C\000o\000n\000\040\000S\000i\000s\000t\000e\000m\000a\000\040\000B\000l\000o\000c\000k\000c\000h\000a\000i\000n\000\051}{section.3.1}% 21
\BOOKMARK [2][-]{subsection.3.1.3}{\376\377\000S\000i\000s\000t\000e\000m\000a\000\040\000e\000\040\000A\000t\000t\000a\000c\000c\000a\000n\000t\000i}{section.3.1}% 22
\BOOKMARK [1][-]{section.3.2}{\376\377\000A\000n\000a\000l\000i\000s\000i\000\040\000D\000U\000A\000L\000-\000S\000T\000R\000I\000D\000E}{chapter.3}% 23
\BOOKMARK [2][-]{subsection.3.2.1}{\376\377\000I\000d\000e\000n\000t\000i\000f\000i\000c\000a\000z\000i\000o\000n\000e\000\040\000d\000e\000g\000l\000i\000\040\000A\000s\000s\000e\000t}{section.3.2}% 24
\BOOKMARK [2][-]{subsection.3.2.2}{\376\377\000M\000a\000t\000r\000i\000c\000e\000\040\000d\000e\000l\000l\000e\000\040\000M\000i\000n\000a\000c\000c\000e\000\040\000\050\000R\000i\000f\000e\000r\000i\000m\000e\000n\000t\000i\000\040\000C\000A\000P\000E\000C\000/\000A\000T\000T\000\046\000C\000K\000\051}{section.3.2}% 25
\BOOKMARK [1][-]{section.3.3}{\376\377\000A\000b\000u\000s\000e\000\040\000e\000\040\000M\000i\000s\000u\000s\000e\000\040\000C\000a\000s\000e\000s}{chapter.3}% 26
\BOOKMARK [2][-]{subsection.3.3.1}{\376\377\000A\000b\000u\000s\000e\000\040\000C\000a\000s\000e\000:\000\040\000I\000n\000i\000e\000z\000i\000o\000n\000e\000\040\000D\000a\000t\000i\000\040\000F\000a\000l\000s\000i\000\040\000\050\000A\000t\000t\000a\000c\000c\000a\000n\000t\000e\000\040\000I\000n\000t\000e\000r\000n\000o\000\051}{section.3.3}% 27
\BOOKMARK [2][-]{subsection.3.3.2}{\376\377\000M\000i\000s\000u\000s\000e\000\040\000C\000a\000s\000e\000:\000\040\000S\000m\000a\000r\000r\000i\000m\000e\000n\000t\000o\000\040\000C\000h\000i\000a\000v\000e\000\040\000P\000r\000i\000v\000a\000t\000a\000\040\000\050\000U\000t\000e\000n\000t\000e\000\040\000M\000a\000l\000d\000e\000s\000t\000r\000o\000\051}{section.3.3}% 28
\BOOKMARK [0][-]{chapter.4}{\376\377\000P\000r\000o\000g\000r\000a\000m\000m\000a\000z\000i\000o\000n\000e\000\040\000S\000i\000c\000u\000r\000a\000\040\000e\000\040\000D\000e\000t\000t\000a\000g\000l\000i\000\040\000I\000m\000p\000l\000e\000m\000e\000n\000t\000a\000t\000i\000v\000i}{}% 29
\BOOKMARK [1][-]{section.4.1}{\376\377\000S\000m\000a\000r\000t\000\040\000C\000o\000n\000t\000r\000a\000c\000t\000\040\000e\000\040\000L\000o\000g\000i\000c\000a\000\040\000O\000n\000-\000C\000h\000a\000i\000n}{chapter.4}% 30
\BOOKMARK [2][-]{subsection.4.1.1}{\376\377\000B\000N\000C\000o\000r\000e\000:\000\040\000I\000l\000\040\000M\000o\000t\000o\000r\000e\000\040\000I\000n\000f\000e\000r\000e\000n\000z\000i\000a\000l\000e}{section.4.1}% 31
\BOOKMARK [2][-]{subsection.4.1.2}{\376\377\000B\000N\000G\000e\000s\000t\000o\000r\000e\000S\000p\000e\000d\000i\000z\000i\000o\000n\000i\000:\000\040\000S\000i\000c\000u\000r\000e\000z\000z\000a\000\040\000O\000p\000e\000r\000a\000t\000i\000v\000a}{section.4.1}% 32
\BOOKMARK [1][-]{section.4.2}{\376\377\000S\000i\000s\000t\000e\000m\000a\000\040\000O\000r\000a\000c\000o\000l\000o\000\040\000e\000\040\000S\000i\000m\000u\000l\000a\000z\000i\000o\000n\000e\000\040\000I\000o\000T}{chapter.4}% 33
\BOOKMARK [2][-]{subsection.4.2.1}{\376\377\000F\000l\000o\000w\000\040\000d\000e\000l\000\040\000D\000a\000t\000o\000\040\000\050\000S\000e\000n\000s\000o\000r\000e\000\040\000\040\000B\000l\000o\000c\000k\000c\000h\000a\000i\000n\000\051}{section.4.2}% 34
\BOOKMARK [1][-]{section.4.3}{\376\377\000I\000n\000t\000e\000r\000f\000a\000c\000c\000i\000a\000\040\000W\000e\000b\000\040\000\050\000D\000a\000s\000h\000b\000o\000a\000r\000d\000\040\000U\000t\000e\000n\000t\000e\000\051}{chapter.4}% 35
\BOOKMARK [2][-]{subsection.4.3.1}{\376\377\000R\000u\000o\000l\000o\000:\000\040\000M\000i\000t\000t\000e\000n\000t\000e\000\040\000\050\000S\000e\000n\000d\000e\000r\000\051}{section.4.3}% 36
\BOOKMARK [2][-]{subsection.4.3.2}{\376\377\000R\000u\000o\000l\000o\000:\000\040\000C\000o\000r\000r\000i\000e\000r\000e\000\040\000\050\000C\000a\000r\000r\000i\000e\000r\000\051}{section.4.3}% 37
\BOOKMARK [2][-]{subsection.4.3.3}{\376\377\000R\000u\000o\000l\000o\000:\000\040\000A\000d\000m\000i\000n\000/\000S\000e\000n\000s\000o\000r\000e\000\040\000\050\000I\000o\000T\000\040\000S\000i\000m\000u\000l\000a\000t\000o\000r\000\051}{section.4.3}% 38
\BOOKMARK [1][-]{section.4.4}{\376\377\000I\000n\000t\000e\000g\000r\000a\000z\000i\000o\000n\000e\000\040\000W\000e\000b\0003\000\040\000e\000\040\000G\000e\000s\000t\000i\000o\000n\000e\000\040\000E\000v\000e\000n\000t\000i}{chapter.4}% 39
\BOOKMARK [0][-]{chapter.5}{\376\377\000V\000e\000r\000i\000f\000i\000c\000a\000,\000\040\000V\000a\000l\000i\000d\000a\000z\000i\000o\000n\000e\000\040\000e\000\040\000M\000o\000d\000e\000l\000l\000a\000z\000i\000o\000n\000e\000\040\000F\000o\000r\000m\000a\000l\000e}{}% 40
\BOOKMARK [1][-]{section.5.1}{\376\377\000A\000n\000a\000l\000i\000s\000i\000\040\000S\000t\000a\000t\000i\000c\000a\000\040\000e\000\040\000A\000u\000d\000i\000t}{chapter.5}% 41
\BOOKMARK [2][-]{subsection.5.1.1}{\376\377\000R\000i\000s\000u\000l\000t\000a\000t\000i\000\040\000S\000o\000l\000i\000d\000i\000t\000y\000\040\000A\000n\000a\000l\000y\000z\000e\000r\000\040\000e\000\040\000S\000o\000l\000h\000i\000n\000t}{section.5.1}% 42
\BOOKMARK [1][-]{section.5.2}{\376\377\000V\000e\000r\000i\000f\000i\000c\000a\000\040\000F\000o\000r\000m\000a\000l\000e\000\040\000c\000o\000n\000\040\000P\000R\000I\000S\000M}{chapter.5}% 43
\BOOKMARK [2][-]{subsection.5.2.1}{\376\377\000M\000o\000d\000e\000l\000l\000a\000z\000i\000o\000n\000e\000\040\000M\000a\000r\000k\000o\000v\000\040\000C\000h\000a\000i\000n}{section.5.2}% 44
\BOOKMARK [2][-]{subsection.5.2.2}{\376\377\000P\000r\000o\000p\000r\000i\000e\000t\000\340\000\040\000V\000e\000r\000i\000f\000i\000c\000a\000t\000e}{section.5.2}% 45
\BOOKMARK [1][-]{section.5.3}{\376\377\000T\000e\000s\000t\000i\000n\000g\000\040\000s\000u\000\040\000B\000l\000o\000c\000k\000c\000h\000a\000i\000n\000\040\000P\000r\000i\000v\000a\000t\000a\000\040\000\050\000B\000e\000s\000u\000\051}{chapter.5}% 46
\BOOKMARK [2][-]{subsection.5.3.1}{\376\377\000A\000m\000b\000i\000e\000n\000t\000i\000\040\000d\000i\000\040\000T\000e\000s\000t}{section.5.3}% 47
\BOOKMARK [2][-]{subsection.5.3.2}{\376\377\000S\000i\000m\000u\000l\000a\000z\000i\000o\000n\000e\000\040\000c\000o\000n\000\040\000O\000r\000a\000c\000o\000l\000o\000\040\000S\000c\000r\000i\000p\000t\000a\000t\000o}{section.5.3}% 48
\BOOKMARK [2][-]{subsection.5.3.3}{\376\377\000R\000i\000s\000u\000l\000t\000a\000t\000i}{section.5.3}% 49
\BOOKMARK [0][-]{chapter.6}{\376\377\000C\000o\000n\000c\000l\000u\000s\000i\000o\000n\000i\000\040\000e\000\040\000S\000v\000i\000l\000u\000p\000p\000i\000\040\000F\000u\000t\000u\000r\000i}{}% 50
\BOOKMARK [1][-]{section.6.1}{\376\377\000S\000i\000n\000t\000e\000s\000i\000\040\000d\000e\000i\000\040\000R\000i\000s\000u\000l\000t\000a\000t\000i}{chapter.6}% 51
\BOOKMARK [1][-]{section.6.2}{\376\377\000L\000i\000m\000i\000t\000a\000z\000i\000o\000n\000i\000\040\000A\000t\000t\000u\000a\000l\000i}{chapter.6}% 52
\BOOKMARK [1][-]{section.6.3}{\376\377\000S\000v\000i\000l\000u\000p\000p\000i\000\040\000F\000u\000t\000u\000r\000i}{chapter.6}% 53
\BOOKMARK [2][-]{subsection.6.3.1}{\376\377\000I\000n\000t\000e\000g\000r\000a\000z\000i\000o\000n\000e\000\040\000z\000k\000-\000S\000N\000A\000R\000K\000s\000\040\000\050\000P\000r\000i\000v\000a\000c\000y\000\051}{section.6.3}% 54
\BOOKMARK [2][-]{subsection.6.3.2}{\376\377\000O\000r\000a\000c\000l\000e\000\040\000F\000e\000e\000d\000\040\000d\000e\000c\000e\000n\000t\000r\000a\000l\000i\000z\000z\000a\000t\000i\000\040\000\050\000C\000h\000a\000i\000n\000l\000i\000n\000k\000\051}{section.6.3}% 55
\BOOKMARK [2][-]{subsection.6.3.3}{\376\377\000H\000a\000r\000d\000w\000a\000r\000e\000\040\000S\000e\000c\000u\000r\000i\000t\000y\000\040\000M\000o\000d\000u\000l\000e\000\040\000\050\000H\000S\000M\000\051}{section.6.3}% 56
\BOOKMARK [0][-]{appendix.Alph1}{\376\377\000G\000u\000i\000d\000a\000\040\000a\000l\000\040\000D\000e\000p\000l\000o\000y\000m\000e\000n\000t\000\040\000e\000\040\000M\000a\000n\000a\000g\000e\000m\000e\000n\000t}{}% 57
\BOOKMARK [1][-]{section.Alph1.1}{\376\377\000R\000e\000q\000u\000i\000s\000i\000t\000i\000\040\000d\000i\000\040\000S\000i\000s\000t\000e\000m\000a\000\040\000\050\000P\000r\000e\000r\000e\000q\000u\000i\000s\000i\000t\000i\000\051}{appendix.Alph1}% 58
\BOOKMARK [1][-]{section.Alph1.2}{\376\377\000I\000n\000s\000t\000a\000l\000l\000a\000z\000i\000o\000n\000e\000\040\000e\000\040\000S\000e\000t\000u\000p}{appendix.Alph1}% 59
\BOOKMARK [2][-]{subsection.Alph1.2.1}{\376\377\000C\000l\000o\000n\000a\000z\000i\000o\000n\000e\000\040\000d\000e\000l\000\040\000R\000e\000p\000o\000s\000i\000t\000o\000r\000y}{section.Alph1.2}% 60
\BOOKMARK [2][-]{subsection.Alph1.2.2}{\376\377\000I\000n\000s\000t\000a\000l\000l\000a\000z\000i\000o\000n\000e\000\040\000D\000i\000p\000e\000n\000d\000e\000n\000z\000e}{section.Alph1.2}% 61
\BOOKMARK [1][-]{section.Alph1.3}{\376\377\000A\000v\000v\000i\000o\000\040\000d\000e\000l\000l\000a\000\040\000R\000e\000t\000e\000\040\000B\000l\000o\000c\000k\000c\000h\000a\000i\000n}{appendix.Alph1}% 62
\BOOKMARK [2][-]{subsection.Alph1.3.1}{\376\377\000M\000o\000d\000a\000l\000i\000t\000\340\000\040\000S\000v\000i\000l\000u\000p\000p\000o\000\040\000\050\000G\000a\000n\000a\000c\000h\000e\000\051}{section.Alph1.3}% 63
\BOOKMARK [2][-]{subsection.Alph1.3.2}{\376\377\000M\000o\000d\000a\000l\000i\000t\000\340\000\040\000P\000r\000o\000d\000u\000z\000i\000o\000n\000e\000\040\000\050\000H\000y\000p\000e\000r\000l\000e\000d\000g\000e\000r\000\040\000B\000e\000s\000u\000\051}{section.Alph1.3}% 64
\BOOKMARK [1][-]{section.Alph1.4}{\376\377\000E\000s\000e\000c\000u\000z\000i\000o\000n\000e\000\040\000d\000e\000g\000l\000i\000\040\000S\000c\000r\000i\000p\000t\000\040\000d\000i\000\040\000S\000i\000m\000u\000l\000a\000z\000i\000o\000n\000e}{appendix.Alph1}% 65
\BOOKMARK [1][-]{section.Alph1.5}{\376\377\000I\000n\000t\000e\000r\000f\000a\000c\000c\000i\000a\000\040\000W\000e\000b}{appendix.Alph1}% 66
